Determining if the pthread_create exist failed with the following output:
Change Dir: /home/laboratorium/catkin_ws/src/navigation_2d/nav2d_karto/cmake-build-debug/CMakeFiles/CMakeTmp

Run Build Command:"/usr/bin/make" "cmTC_3464d/fast"
/usr/bin/make -f CMakeFiles/cmTC_3464d.dir/build.make CMakeFiles/cmTC_3464d.dir/build
make[1]: Entering directory `/home/laboratorium/catkin_ws/src/navigation_2d/nav2d_karto/cmake-build-debug/CMakeFiles/CMakeTmp'
Building C object CMakeFiles/cmTC_3464d.dir/CheckSymbolExists.c.o
/usr/bin/cc     -o CMakeFiles/cmTC_3464d.dir/CheckSymbolExists.c.o   -c /home/laboratorium/catkin_ws/src/navigation_2d/nav2d_karto/cmake-build-debug/CMakeFiles/CMakeTmp/CheckSymbolExists.c
Linking C executable cmTC_3464d
/home/laboratorium/Downloads/clion-2016.3.3/bin/cmake/bin/cmake -E cmake_link_script CMakeFiles/cmTC_3464d.dir/link.txt --verbose=1
/usr/bin/cc       CMakeFiles/cmTC_3464d.dir/CheckSymbolExists.c.o  -o cmTC_3464d -rdynamic 
CMakeFiles/cmTC_3464d.dir/CheckSymbolExists.c.o: In function `main':
CheckSymbolExists.c:(.text+0x16): undefined reference to `pthread_create'
collect2: error: ld returned 1 exit status
make[1]: *** [cmTC_3464d] Error 1
make[1]: Leaving directory `/home/laboratorium/catkin_ws/src/navigation_2d/nav2d_karto/cmake-build-debug/CMakeFiles/CMakeTmp'
make: *** [cmTC_3464d/fast] Error 2

File /home/laboratorium/catkin_ws/src/navigation_2d/nav2d_karto/cmake-build-debug/CMakeFiles/CMakeTmp/CheckSymbolExists.c:
/* */
#include <pthread.h>

int main(int argc, char** argv)
{
  (void)argv;
#ifndef pthread_create
  return ((int*)(&pthread_create))[argc];
#else
  (void)argc;
  return 0;
#endif
}

Determining if the function pthread_create exists in the pthreads failed with the following output:
Change Dir: /home/laboratorium/catkin_ws/src/navigation_2d/nav2d_karto/cmake-build-debug/CMakeFiles/CMakeTmp

Run Build Command:"/usr/bin/make" "cmTC_146fa/fast"
/usr/bin/make -f CMakeFiles/cmTC_146fa.dir/build.make CMakeFiles/cmTC_146fa.dir/build
make[1]: Entering directory `/home/laboratorium/catkin_ws/src/navigation_2d/nav2d_karto/cmake-build-debug/CMakeFiles/CMakeTmp'
Building C object CMakeFiles/cmTC_146fa.dir/CheckFunctionExists.c.o
/usr/bin/cc    -DCHECK_FUNCTION_EXISTS=pthread_create   -o CMakeFiles/cmTC_146fa.dir/CheckFunctionExists.c.o   -c /home/laboratorium/Downloads/clion-2016.3.3/bin/cmake/share/cmake-3.6/Modules/CheckFunctionExists.c
Linking C executable cmTC_146fa
/home/laboratorium/Downloads/clion-2016.3.3/bin/cmake/bin/cmake -E cmake_link_script CMakeFiles/cmTC_146fa.dir/link.txt --verbose=1
/usr/bin/cc   -DCHECK_FUNCTION_EXISTS=pthread_create    CMakeFiles/cmTC_146fa.dir/CheckFunctionExists.c.o  -o cmTC_146fa -rdynamic -lpthreads 
/usr/bin/ld: cannot find -lpthreads
collect2: error: ld returned 1 exit status
make[1]: *** [cmTC_146fa] Error 1
make[1]: Leaving directory `/home/laboratorium/catkin_ws/src/navigation_2d/nav2d_karto/cmake-build-debug/CMakeFiles/CMakeTmp'
make: *** [cmTC_146fa/fast] Error 2


